
*** Running vivado
    with args -log pll_test.vdi -applog -m64 -product Vivado -messageDb vivado.pb -mode batch -source pll_test.tcl -notrace


****** Vivado v2018.3 (64-bit)
  **** SW Build 2405991 on Thu Dec  6 23:38:27 MST 2018
  **** IP Build 2404404 on Fri Dec  7 01:43:56 MST 2018
    ** Copyright 1986-2018 Xilinx, Inc. All Rights Reserved.

source pll_test.tcl -notrace
Command: link_design -top pll_test -part xc7z020clg400-2
Design is defaulting to srcset: sources_1
Design is defaulting to constrset: constrs_1
INFO: [Project 1-454] Reading design checkpoint 'c:/Users/Raymond_Meng/Documents/xlinx_FPGA/vivado_projects/PLL/PLL.srcs/sources_1/ip/clock/clock.dcp' for cell 'inst_clock'
INFO: [Netlist 29-17] Analyzing 22 Unisim elements for replacement
INFO: [Netlist 29-28] Unisim Transformation completed in 0 CPU seconds
INFO: [Project 1-479] Netlist was created with Vivado 2018.3
INFO: [Device 21-403] Loading part xc7z020clg400-2
INFO: [Project 1-570] Preparing netlist for logic optimization
Parsing XDC File [c:/Users/Raymond_Meng/Documents/xlinx_FPGA/vivado_projects/PLL/PLL.srcs/sources_1/ip/clock/clock_board.xdc] for cell 'inst_clock/inst'
Finished Parsing XDC File [c:/Users/Raymond_Meng/Documents/xlinx_FPGA/vivado_projects/PLL/PLL.srcs/sources_1/ip/clock/clock_board.xdc] for cell 'inst_clock/inst'
Parsing XDC File [c:/Users/Raymond_Meng/Documents/xlinx_FPGA/vivado_projects/PLL/PLL.srcs/sources_1/ip/clock/clock.xdc] for cell 'inst_clock/inst'
INFO: [Timing 38-35] Done setting XDC timing constraints. [c:/Users/Raymond_Meng/Documents/xlinx_FPGA/vivado_projects/PLL/PLL.srcs/sources_1/ip/clock/clock.xdc:57]
INFO: [Timing 38-2] Deriving generated clocks [c:/Users/Raymond_Meng/Documents/xlinx_FPGA/vivado_projects/PLL/PLL.srcs/sources_1/ip/clock/clock.xdc:57]
get_clocks: Time (s): cpu = 00:00:08 ; elapsed = 00:00:08 . Memory (MB): peak = 1213.801 ; gain = 565.844
Finished Parsing XDC File [c:/Users/Raymond_Meng/Documents/xlinx_FPGA/vivado_projects/PLL/PLL.srcs/sources_1/ip/clock/clock.xdc] for cell 'inst_clock/inst'
Parsing XDC File [C:/Users/Raymond_Meng/Documents/xlinx_FPGA/vivado_projects/PLL/PLL.srcs/constrs_1/new/top_pin.xdc]
WARNING: [Constraints 18-619] A clock with name 'sys_clk' already exists, overwriting the previous clock with the same name. [C:/Users/Raymond_Meng/Documents/xlinx_FPGA/vivado_projects/PLL/PLL.srcs/constrs_1/new/top_pin.xdc:2]
Finished Parsing XDC File [C:/Users/Raymond_Meng/Documents/xlinx_FPGA/vivado_projects/PLL/PLL.srcs/constrs_1/new/top_pin.xdc]
INFO: [Opt 31-138] Pushed 0 inverter(s) to 0 load pin(s).
Netlist sorting complete. Time (s): cpu = 00:00:00 ; elapsed = 00:00:00 . Memory (MB): peak = 1216.301 ; gain = 0.000
INFO: [Project 1-111] Unisim Transformation Summary:
No Unisim elements were transformed.

10 Infos, 1 Warnings, 0 Critical Warnings and 0 Errors encountered.
link_design completed successfully
link_design: Time (s): cpu = 00:00:14 ; elapsed = 00:00:16 . Memory (MB): peak = 1216.301 ; gain = 927.777
Command: opt_design
Attempting to get a license for feature 'Implementation' and/or device 'xc7z020'
INFO: [Common 17-349] Got license for feature 'Implementation' and/or device 'xc7z020'
Running DRC as a precondition to command opt_design

Starting DRC Task
INFO: [DRC 23-27] Running DRC with 2 threads
INFO: [Project 1-461] DRC finished with 0 Errors
INFO: [Project 1-462] Please refer to the DRC report (report_drc) for more information.

Time (s): cpu = 00:00:01 ; elapsed = 00:00:00.648 . Memory (MB): peak = 1216.301 ; gain = 0.000

Starting Cache Timing Information Task
INFO: [Timing 38-35] Done setting XDC timing constraints.
Ending Cache Timing Information Task | Checksum: 1ad08d747

Time (s): cpu = 00:00:00 ; elapsed = 00:00:00.020 . Memory (MB): peak = 1230.199 ; gain = 13.898

Starting Logic Optimization Task

Phase 1 Retarget
INFO: [Opt 31-138] Pushed 1 inverter(s) to 1 load pin(s).
INFO: [Opt 31-49] Retargeted 0 cell(s).
Phase 1 Retarget | Checksum: 1c361f3ed

Time (s): cpu = 00:00:00 ; elapsed = 00:00:00.016 . Memory (MB): peak = 1312.613 ; gain = 0.000
INFO: [Opt 31-389] Phase Retarget created 0 cells and removed 0 cells
INFO: [Opt 31-1021] In phase Retarget, 1 netlist objects are constrained preventing optimization. Please run opt_design with -debug_log to get more detail. 

Phase 2 Constant propagation
INFO: [Opt 31-138] Pushed 0 inverter(s) to 0 load pin(s).
Phase 2 Constant propagation | Checksum: 1c361f3ed

Time (s): cpu = 00:00:00 ; elapsed = 00:00:00.019 . Memory (MB): peak = 1312.613 ; gain = 0.000
INFO: [Opt 31-389] Phase Constant propagation created 0 cells and removed 0 cells

Phase 3 Sweep
Phase 3 Sweep | Checksum: 130441f44

Time (s): cpu = 00:00:00 ; elapsed = 00:00:00.026 . Memory (MB): peak = 1312.613 ; gain = 0.000
INFO: [Opt 31-389] Phase Sweep created 0 cells and removed 0 cells

Phase 4 BUFG optimization
INFO: [Opt 31-194] Inserted BUFG inst_clock/inst/clk_out1_clock_BUFG_inst to drive 0 load(s) on clock net inst_clock/inst/clk_out1_clock_BUFG
INFO: [Opt 31-194] Inserted BUFG inst_clock/inst/clk_out2_clock_BUFG_inst to drive 0 load(s) on clock net inst_clock/inst/clk_out2_clock_BUFG
INFO: [Opt 31-194] Inserted BUFG inst_clock/inst/clk_out3_clock_BUFG_inst to drive 0 load(s) on clock net inst_clock/inst/clk_out3_clock_BUFG
INFO: [Opt 31-193] Inserted 3 BUFG(s) on clock nets
Phase 4 BUFG optimization | Checksum: 186f49592

Time (s): cpu = 00:00:00 ; elapsed = 00:00:00.034 . Memory (MB): peak = 1312.613 ; gain = 0.000
INFO: [Opt 31-662] Phase BUFG optimization created 0 cells of which 0 are BUFGs and removed 0 cells.

Phase 5 Shift Register Optimization
Phase 5 Shift Register Optimization | Checksum: 1ab608307

Time (s): cpu = 00:00:00 ; elapsed = 00:00:00.063 . Memory (MB): peak = 1312.613 ; gain = 0.000
INFO: [Opt 31-389] Phase Shift Register Optimization created 0 cells and removed 0 cells

Phase 6 Post Processing Netlist
Phase 6 Post Processing Netlist | Checksum: 167c99140

Time (s): cpu = 00:00:00 ; elapsed = 00:00:00.065 . Memory (MB): peak = 1312.613 ; gain = 0.000
INFO: [Opt 31-389] Phase Post Processing Netlist created 0 cells and removed 0 cells
Opt_design Change Summary
=========================


-------------------------------------------------------------------------------------------------------------------------
|  Phase                        |  #Cells created  |  #Cells Removed  |  #Constrained objects preventing optimizations  |
-------------------------------------------------------------------------------------------------------------------------
|  Retarget                     |               0  |               0  |                                              1  |
|  Constant propagation         |               0  |               0  |                                              0  |
|  Sweep                        |               0  |               0  |                                              0  |
|  BUFG optimization            |               0  |               0  |                                              0  |
|  Shift Register Optimization  |               0  |               0  |                                              0  |
|  Post Processing Netlist      |               0  |               0  |                                              0  |
-------------------------------------------------------------------------------------------------------------------------



Starting Connectivity Check Task

Time (s): cpu = 00:00:00 ; elapsed = 00:00:00.001 . Memory (MB): peak = 1312.613 ; gain = 0.000
Ending Logic Optimization Task | Checksum: 19e0b41c2

Time (s): cpu = 00:00:00 ; elapsed = 00:00:00.067 . Memory (MB): peak = 1312.613 ; gain = 0.000

Starting Power Optimization Task
INFO: [Pwropt 34-132] Skipping clock gating for clocks with a period < 2.00 ns.
Ending Power Optimization Task | Checksum: 19e0b41c2

Time (s): cpu = 00:00:00 ; elapsed = 00:00:00.007 . Memory (MB): peak = 1312.613 ; gain = 0.000

Starting Final Cleanup Task
Ending Final Cleanup Task | Checksum: 19e0b41c2

Time (s): cpu = 00:00:00 ; elapsed = 00:00:00 . Memory (MB): peak = 1312.613 ; gain = 0.000

Starting Netlist Obfuscation Task
Netlist sorting complete. Time (s): cpu = 00:00:00 ; elapsed = 00:00:00 . Memory (MB): peak = 1312.613 ; gain = 0.000
Ending Netlist Obfuscation Task | Checksum: 19e0b41c2

Time (s): cpu = 00:00:00 ; elapsed = 00:00:00.001 . Memory (MB): peak = 1312.613 ; gain = 0.000
INFO: [Common 17-83] Releasing license: Implementation
31 Infos, 1 Warnings, 0 Critical Warnings and 0 Errors encountered.
opt_design completed successfully
Netlist sorting complete. Time (s): cpu = 00:00:00 ; elapsed = 00:00:00 . Memory (MB): peak = 1312.613 ; gain = 0.000
INFO: [Timing 38-480] Writing timing data to binary archive.
Writing placer database...
Writing XDEF routing.
Writing XDEF routing logical nets.
Writing XDEF routing special nets.
Write XDEF Complete: Time (s): cpu = 00:00:00 ; elapsed = 00:00:00.046 . Memory (MB): peak = 1312.613 ; gain = 0.000
Netlist sorting complete. Time (s): cpu = 00:00:00 ; elapsed = 00:00:00 . Memory (MB): peak = 1312.613 ; gain = 0.000
INFO: [Common 17-1381] The checkpoint 'C:/Users/Raymond_Meng/Documents/xlinx_FPGA/vivado_projects/PLL/PLL.runs/impl_1/pll_test_opt.dcp' has been generated.
INFO: [runtcl-4] Executing : report_drc -file pll_test_drc_opted.rpt -pb pll_test_drc_opted.pb -rpx pll_test_drc_opted.rpx
Command: report_drc -file pll_test_drc_opted.rpt -pb pll_test_drc_opted.pb -rpx pll_test_drc_opted.rpx
INFO: [IP_Flow 19-1839] IP Catalog is up to date.
INFO: [DRC 23-27] Running DRC with 2 threads
INFO: [Coretcl 2-168] The results of DRC are in file C:/Users/Raymond_Meng/Documents/xlinx_FPGA/vivado_projects/PLL/PLL.runs/impl_1/pll_test_drc_opted.rpt.
report_drc completed successfully
Command: place_design
Attempting to get a license for feature 'Implementation' and/or device 'xc7z020'
INFO: [Common 17-349] Got license for feature 'Implementation' and/or device 'xc7z020'
INFO: [DRC 23-27] Running DRC with 2 threads
INFO: [Vivado_Tcl 4-198] DRC finished with 0 Errors
INFO: [Vivado_Tcl 4-199] Please refer to the DRC report (report_drc) for more information.
Running DRC as a precondition to command place_design
INFO: [DRC 23-27] Running DRC with 2 threads
INFO: [Vivado_Tcl 4-198] DRC finished with 0 Errors
INFO: [Vivado_Tcl 4-199] Please refer to the DRC report (report_drc) for more information.

Starting Placer Task
INFO: [Place 30-611] Multithreading enabled for place_design using a maximum of 2 CPUs

Phase 1 Placer Initialization

Phase 1.1 Placer Initialization Netlist Sorting
Netlist sorting complete. Time (s): cpu = 00:00:00 ; elapsed = 00:00:00 . Memory (MB): peak = 1312.613 ; gain = 0.000
Phase 1.1 Placer Initialization Netlist Sorting | Checksum: 10a90be3a

Time (s): cpu = 00:00:00 ; elapsed = 00:00:00.004 . Memory (MB): peak = 1312.613 ; gain = 0.000
Netlist sorting complete. Time (s): cpu = 00:00:00 ; elapsed = 00:00:00 . Memory (MB): peak = 1312.613 ; gain = 0.000

Phase 1.2 IO Placement/ Clock Placement/ Build Placer Device
INFO: [Timing 38-35] Done setting XDC timing constraints.
Phase 1.2 IO Placement/ Clock Placement/ Build Placer Device | Checksum: 19995b429

Time (s): cpu = 00:00:01 ; elapsed = 00:00:00.403 . Memory (MB): peak = 1312.613 ; gain = 0.000

Phase 1.3 Build Placer Netlist Model
Phase 1.3 Build Placer Netlist Model | Checksum: 19b85c20d

Time (s): cpu = 00:00:01 ; elapsed = 00:00:00.502 . Memory (MB): peak = 1312.613 ; gain = 0.000

Phase 1.4 Constrain Clocks/Macros
Phase 1.4 Constrain Clocks/Macros | Checksum: 19b85c20d

Time (s): cpu = 00:00:01 ; elapsed = 00:00:00.504 . Memory (MB): peak = 1312.613 ; gain = 0.000
Phase 1 Placer Initialization | Checksum: 19b85c20d

Time (s): cpu = 00:00:01 ; elapsed = 00:00:00.505 . Memory (MB): peak = 1312.613 ; gain = 0.000

Phase 2 Global Placement

Phase 2.1 Floorplanning
Phase 2.1 Floorplanning | Checksum: 1b2085401

Time (s): cpu = 00:00:01 ; elapsed = 00:00:00.570 . Memory (MB): peak = 1312.613 ; gain = 0.000

Phase 2.2 Physical Synthesis In Placer
INFO: [Physopt 32-65] No nets found for high-fanout optimization.
INFO: [Physopt 32-232] Optimized 0 net. Created 0 new instance.
INFO: [Physopt 32-775] End 1 Pass. Optimized 0 net or cell. Created 0 new cell, deleted 0 existing cell and moved 0 existing cell
INFO: [Physopt 32-670] No setup violation found.  DSP Register Optimization was not performed.
INFO: [Physopt 32-670] No setup violation found.  Shift Register Optimization was not performed.
INFO: [Physopt 32-670] No setup violation found.  BRAM Register Optimization was not performed.
INFO: [Physopt 32-949] No candidate nets found for HD net replication
INFO: [Physopt 32-775] End 1 Pass. Optimized 0 net or cell. Created 0 new cell, deleted 0 existing cell and moved 0 existing cell
Netlist sorting complete. Time (s): cpu = 00:00:00 ; elapsed = 00:00:00 . Memory (MB): peak = 1312.613 ; gain = 0.000

Summary of Physical Synthesis Optimizations
============================================


----------------------------------------------------------------------------------------------------------------------------------------
|  Optimization                  |  Added Cells  |  Removed Cells  |  Optimized Cells/Nets  |  Dont Touch  |  Iterations  |  Elapsed   |
----------------------------------------------------------------------------------------------------------------------------------------
|  Very High Fanout              |            0  |              0  |                     0  |           0  |           1  |  00:00:00  |
|  DSP Register                  |            0  |              0  |                     0  |           0  |           0  |  00:00:00  |
|  Shift Register                |            0  |              0  |                     0  |           0  |           0  |  00:00:00  |
|  BRAM Register                 |            0  |              0  |                     0  |           0  |           0  |  00:00:00  |
|  HD Interface Net Replication  |            0  |              0  |                     0  |           0  |           1  |  00:00:00  |
|  Total                         |            0  |              0  |                     0  |           0  |           2  |  00:00:00  |
----------------------------------------------------------------------------------------------------------------------------------------


Phase 2.2 Physical Synthesis In Placer | Checksum: 243cfe3d8

Time (s): cpu = 00:00:02 ; elapsed = 00:00:01 . Memory (MB): peak = 1312.613 ; gain = 0.000
Phase 2 Global Placement | Checksum: 262346e05

Time (s): cpu = 00:00:02 ; elapsed = 00:00:01 . Memory (MB): peak = 1312.613 ; gain = 0.000

Phase 3 Detail Placement

Phase 3.1 Commit Multi Column Macros
Phase 3.1 Commit Multi Column Macros | Checksum: 262346e05

Time (s): cpu = 00:00:02 ; elapsed = 00:00:01 . Memory (MB): peak = 1312.613 ; gain = 0.000

Phase 3.2 Commit Most Macros & LUTRAMs
Phase 3.2 Commit Most Macros & LUTRAMs | Checksum: 140c1716e

Time (s): cpu = 00:00:02 ; elapsed = 00:00:01 . Memory (MB): peak = 1312.613 ; gain = 0.000

Phase 3.3 Area Swap Optimization
Phase 3.3 Area Swap Optimization | Checksum: 17147c21c

Time (s): cpu = 00:00:02 ; elapsed = 00:00:01 . Memory (MB): peak = 1312.613 ; gain = 0.000

Phase 3.4 Pipeline Register Optimization
Phase 3.4 Pipeline Register Optimization | Checksum: 17147c21c

Time (s): cpu = 00:00:02 ; elapsed = 00:00:01 . Memory (MB): peak = 1312.613 ; gain = 0.000

Phase 3.5 Small Shape Detail Placement
Phase 3.5 Small Shape Detail Placement | Checksum: 1ee7828b6

Time (s): cpu = 00:00:02 ; elapsed = 00:00:02 . Memory (MB): peak = 1312.613 ; gain = 0.000

Phase 3.6 Re-assign LUT pins
Phase 3.6 Re-assign LUT pins | Checksum: 236e6de39

Time (s): cpu = 00:00:02 ; elapsed = 00:00:02 . Memory (MB): peak = 1312.613 ; gain = 0.000

Phase 3.7 Pipeline Register Optimization
Phase 3.7 Pipeline Register Optimization | Checksum: 236e6de39

Time (s): cpu = 00:00:02 ; elapsed = 00:00:02 . Memory (MB): peak = 1312.613 ; gain = 0.000
Phase 3 Detail Placement | Checksum: 236e6de39

Time (s): cpu = 00:00:02 ; elapsed = 00:00:02 . Memory (MB): peak = 1312.613 ; gain = 0.000

Phase 4 Post Placement Optimization and Clean-Up

Phase 4.1 Post Commit Optimization
INFO: [Timing 38-35] Done setting XDC timing constraints.

Phase 4.1.1 Post Placement Optimization
Post Placement Optimization Initialization | Checksum: 235966843

Phase 4.1.1.1 BUFG Insertion
INFO: [Place 46-46] BUFG insertion identified 0 candidate nets, 0 success, 0 bufg driver replicated, 0 skipped for placement/routing, 0 skipped for timing, 0 skipped for netlist change reason
Phase 4.1.1.1 BUFG Insertion | Checksum: 235966843

Time (s): cpu = 00:00:02 ; elapsed = 00:00:02 . Memory (MB): peak = 1312.613 ; gain = 0.000
INFO: [Place 30-746] Post Placement Timing Summary WNS=7.170. For the most accurate timing information please run report_timing.
Phase 4.1.1 Post Placement Optimization | Checksum: 24a653751

Time (s): cpu = 00:00:02 ; elapsed = 00:00:02 . Memory (MB): peak = 1312.613 ; gain = 0.000
Phase 4.1 Post Commit Optimization | Checksum: 24a653751

Time (s): cpu = 00:00:02 ; elapsed = 00:00:02 . Memory (MB): peak = 1312.613 ; gain = 0.000

Phase 4.2 Post Placement Cleanup
Phase 4.2 Post Placement Cleanup | Checksum: 24a653751

Time (s): cpu = 00:00:02 ; elapsed = 00:00:02 . Memory (MB): peak = 1312.613 ; gain = 0.000

Phase 4.3 Placer Reporting
Phase 4.3 Placer Reporting | Checksum: 24a653751

Time (s): cpu = 00:00:02 ; elapsed = 00:00:02 . Memory (MB): peak = 1312.613 ; gain = 0.000

Phase 4.4 Final Placement Cleanup
Netlist sorting complete. Time (s): cpu = 00:00:00 ; elapsed = 00:00:00 . Memory (MB): peak = 1312.613 ; gain = 0.000
Phase 4.4 Final Placement Cleanup | Checksum: 1c9bdb3f0

Time (s): cpu = 00:00:02 ; elapsed = 00:00:02 . Memory (MB): peak = 1312.613 ; gain = 0.000
Phase 4 Post Placement Optimization and Clean-Up | Checksum: 1c9bdb3f0

Time (s): cpu = 00:00:02 ; elapsed = 00:00:02 . Memory (MB): peak = 1312.613 ; gain = 0.000
Ending Placer Task | Checksum: 124744e4c

Time (s): cpu = 00:00:02 ; elapsed = 00:00:02 . Memory (MB): peak = 1312.613 ; gain = 0.000
INFO: [Common 17-83] Releasing license: Implementation
58 Infos, 1 Warnings, 0 Critical Warnings and 0 Errors encountered.
place_design completed successfully
Netlist sorting complete. Time (s): cpu = 00:00:00 ; elapsed = 00:00:00 . Memory (MB): peak = 1312.613 ; gain = 0.000
INFO: [Timing 38-480] Writing timing data to binary archive.
Writing placer database...
Writing XDEF routing.
Writing XDEF routing logical nets.
Writing XDEF routing special nets.
Write XDEF Complete: Time (s): cpu = 00:00:01 ; elapsed = 00:00:00.064 . Memory (MB): peak = 1312.613 ; gain = 0.000
Netlist sorting complete. Time (s): cpu = 00:00:00 ; elapsed = 00:00:00.001 . Memory (MB): peak = 1312.613 ; gain = 0.000
INFO: [Common 17-1381] The checkpoint 'C:/Users/Raymond_Meng/Documents/xlinx_FPGA/vivado_projects/PLL/PLL.runs/impl_1/pll_test_placed.dcp' has been generated.
INFO: [runtcl-4] Executing : report_io -file pll_test_io_placed.rpt
report_io: Time (s): cpu = 00:00:00 ; elapsed = 00:00:00.045 . Memory (MB): peak = 1312.613 ; gain = 0.000
INFO: [runtcl-4] Executing : report_utilization -file pll_test_utilization_placed.rpt -pb pll_test_utilization_placed.pb
INFO: [runtcl-4] Executing : report_control_sets -verbose -file pll_test_control_sets_placed.rpt
report_control_sets: Time (s): cpu = 00:00:00 ; elapsed = 00:00:00.002 . Memory (MB): peak = 1312.613 ; gain = 0.000
Command: route_design
Attempting to get a license for feature 'Implementation' and/or device 'xc7z020'
INFO: [Common 17-349] Got license for feature 'Implementation' and/or device 'xc7z020'
Running DRC as a precondition to command route_design
INFO: [DRC 23-27] Running DRC with 2 threads
INFO: [Vivado_Tcl 4-198] DRC finished with 0 Errors
INFO: [Vivado_Tcl 4-199] Please refer to the DRC report (report_drc) for more information.


Starting Routing Task
INFO: [Route 35-254] Multithreading enabled for route_design using a maximum of 2 CPUs
Checksum: PlaceDB: e724ee9b ConstDB: 0 ShapeSum: 3d4f5fb1 RouteDB: 0

Phase 1 Build RT Design
Phase 1 Build RT Design | Checksum: 1c2742512

Time (s): cpu = 00:00:28 ; elapsed = 00:00:24 . Memory (MB): peak = 1450.410 ; gain = 137.797
Post Restoration Checksum: NetGraph: f4650ab6 NumContArr: ce0f1a5c Constraints: 0 Timing: 0

Phase 2 Router Initialization

Phase 2.1 Create Timer
Phase 2.1 Create Timer | Checksum: 1c2742512

Time (s): cpu = 00:00:28 ; elapsed = 00:00:24 . Memory (MB): peak = 1482.707 ; gain = 170.094

Phase 2.2 Fix Topology Constraints
Phase 2.2 Fix Topology Constraints | Checksum: 1c2742512

Time (s): cpu = 00:00:28 ; elapsed = 00:00:24 . Memory (MB): peak = 1489.551 ; gain = 176.938

Phase 2.3 Pre Route Cleanup
Phase 2.3 Pre Route Cleanup | Checksum: 1c2742512

Time (s): cpu = 00:00:28 ; elapsed = 00:00:24 . Memory (MB): peak = 1489.551 ; gain = 176.938
 Number of Nodes with overlaps = 0

Phase 2.4 Update Timing
Phase 2.4 Update Timing | Checksum: 1384b9c19

Time (s): cpu = 00:00:28 ; elapsed = 00:00:25 . Memory (MB): peak = 1508.598 ; gain = 195.984
INFO: [Route 35-416] Intermediate Timing Summary | WNS=7.100  | TNS=0.000  | WHS=-0.099 | THS=-0.533 |

Phase 2 Router Initialization | Checksum: 10a02541d

Time (s): cpu = 00:00:28 ; elapsed = 00:00:25 . Memory (MB): peak = 1508.598 ; gain = 195.984

Phase 3 Initial Routing
Phase 3 Initial Routing | Checksum: 21d903084

Time (s): cpu = 00:00:28 ; elapsed = 00:00:25 . Memory (MB): peak = 1508.598 ; gain = 195.984

Phase 4 Rip-up And Reroute

Phase 4.1 Global Iteration 0
 Number of Nodes with overlaps = 4
 Number of Nodes with overlaps = 0
INFO: [Route 35-416] Intermediate Timing Summary | WNS=6.517  | TNS=0.000  | WHS=N/A    | THS=N/A    |

Phase 4.1 Global Iteration 0 | Checksum: 1ae384ddf

Time (s): cpu = 00:00:28 ; elapsed = 00:00:25 . Memory (MB): peak = 1508.598 ; gain = 195.984
Phase 4 Rip-up And Reroute | Checksum: 1ae384ddf

Time (s): cpu = 00:00:28 ; elapsed = 00:00:25 . Memory (MB): peak = 1508.598 ; gain = 195.984

Phase 5 Delay and Skew Optimization

Phase 5.1 Delay CleanUp
Phase 5.1 Delay CleanUp | Checksum: 1ae384ddf

Time (s): cpu = 00:00:28 ; elapsed = 00:00:25 . Memory (MB): peak = 1508.598 ; gain = 195.984

Phase 5.2 Clock Skew Optimization
Phase 5.2 Clock Skew Optimization | Checksum: 1ae384ddf

Time (s): cpu = 00:00:28 ; elapsed = 00:00:25 . Memory (MB): peak = 1508.598 ; gain = 195.984
Phase 5 Delay and Skew Optimization | Checksum: 1ae384ddf

Time (s): cpu = 00:00:28 ; elapsed = 00:00:25 . Memory (MB): peak = 1508.598 ; gain = 195.984

Phase 6 Post Hold Fix

Phase 6.1 Hold Fix Iter

Phase 6.1.1 Update Timing
Phase 6.1.1 Update Timing | Checksum: 1acdc341e

Time (s): cpu = 00:00:28 ; elapsed = 00:00:25 . Memory (MB): peak = 1508.598 ; gain = 195.984
INFO: [Route 35-416] Intermediate Timing Summary | WNS=6.665  | TNS=0.000  | WHS=0.245  | THS=0.000  |

Phase 6.1 Hold Fix Iter | Checksum: 1acdc341e

Time (s): cpu = 00:00:28 ; elapsed = 00:00:25 . Memory (MB): peak = 1508.598 ; gain = 195.984
Phase 6 Post Hold Fix | Checksum: 1acdc341e

Time (s): cpu = 00:00:28 ; elapsed = 00:00:25 . Memory (MB): peak = 1508.598 ; gain = 195.984

Phase 7 Route finalize

Router Utilization Summary
  Global Vertical Routing Utilization    = 0.0261986 %
  Global Horizontal Routing Utilization  = 0.0189317 %
  Routable Net Status*
  *Does not include unroutable nets such as driverless and loadless.
  Run report_route_status for detailed report.
  Number of Failed Nets               = 0
  Number of Unrouted Nets             = 0
  Number of Partially Routed Nets     = 0
  Number of Node Overlaps             = 0

Phase 7 Route finalize | Checksum: 132edf69b

Time (s): cpu = 00:00:28 ; elapsed = 00:00:25 . Memory (MB): peak = 1508.598 ; gain = 195.984

Phase 8 Verifying routed nets

 Verification completed successfully
Phase 8 Verifying routed nets | Checksum: 132edf69b

Time (s): cpu = 00:00:28 ; elapsed = 00:00:25 . Memory (MB): peak = 1508.598 ; gain = 195.984

Phase 9 Depositing Routes
Phase 9 Depositing Routes | Checksum: 1a30b9e7a

Time (s): cpu = 00:00:28 ; elapsed = 00:00:25 . Memory (MB): peak = 1508.598 ; gain = 195.984

Phase 10 Post Router Timing
INFO: [Route 35-57] Estimated Timing Summary | WNS=6.665  | TNS=0.000  | WHS=0.245  | THS=0.000  |

INFO: [Route 35-327] The final timing numbers are based on the router estimated timing analysis. For a complete and accurate timing signoff, please run report_timing_summary.
Phase 10 Post Router Timing | Checksum: 1a30b9e7a

Time (s): cpu = 00:00:28 ; elapsed = 00:00:25 . Memory (MB): peak = 1508.598 ; gain = 195.984
INFO: [Route 35-16] Router Completed Successfully

Time (s): cpu = 00:00:28 ; elapsed = 00:00:25 . Memory (MB): peak = 1508.598 ; gain = 195.984

Routing Is Done.
INFO: [Common 17-83] Releasing license: Implementation
75 Infos, 1 Warnings, 0 Critical Warnings and 0 Errors encountered.
route_design completed successfully
route_design: Time (s): cpu = 00:00:29 ; elapsed = 00:00:26 . Memory (MB): peak = 1508.598 ; gain = 195.984
Netlist sorting complete. Time (s): cpu = 00:00:00 ; elapsed = 00:00:00 . Memory (MB): peak = 1508.598 ; gain = 0.000
INFO: [Timing 38-480] Writing timing data to binary archive.
Writing placer database...
Writing XDEF routing.
Writing XDEF routing logical nets.
Writing XDEF routing special nets.
Write XDEF Complete: Time (s): cpu = 00:00:01 ; elapsed = 00:00:00.066 . Memory (MB): peak = 1508.598 ; gain = 0.000
Netlist sorting complete. Time (s): cpu = 00:00:00 ; elapsed = 00:00:00.001 . Memory (MB): peak = 1508.598 ; gain = 0.000
INFO: [Common 17-1381] The checkpoint 'C:/Users/Raymond_Meng/Documents/xlinx_FPGA/vivado_projects/PLL/PLL.runs/impl_1/pll_test_routed.dcp' has been generated.
INFO: [runtcl-4] Executing : report_drc -file pll_test_drc_routed.rpt -pb pll_test_drc_routed.pb -rpx pll_test_drc_routed.rpx
Command: report_drc -file pll_test_drc_routed.rpt -pb pll_test_drc_routed.pb -rpx pll_test_drc_routed.rpx
INFO: [IP_Flow 19-1839] IP Catalog is up to date.
INFO: [DRC 23-27] Running DRC with 2 threads
INFO: [Coretcl 2-168] The results of DRC are in file C:/Users/Raymond_Meng/Documents/xlinx_FPGA/vivado_projects/PLL/PLL.runs/impl_1/pll_test_drc_routed.rpt.
report_drc completed successfully
INFO: [runtcl-4] Executing : report_methodology -file pll_test_methodology_drc_routed.rpt -pb pll_test_methodology_drc_routed.pb -rpx pll_test_methodology_drc_routed.rpx
Command: report_methodology -file pll_test_methodology_drc_routed.rpt -pb pll_test_methodology_drc_routed.pb -rpx pll_test_methodology_drc_routed.rpx
INFO: [Timing 38-35] Done setting XDC timing constraints.
INFO: [DRC 23-133] Running Methodology with 2 threads
INFO: [Coretcl 2-1520] The results of Report Methodology are in file C:/Users/Raymond_Meng/Documents/xlinx_FPGA/vivado_projects/PLL/PLL.runs/impl_1/pll_test_methodology_drc_routed.rpt.
report_methodology completed successfully
INFO: [runtcl-4] Executing : report_power -file pll_test_power_routed.rpt -pb pll_test_power_summary_routed.pb -rpx pll_test_power_routed.rpx
Command: report_power -file pll_test_power_routed.rpt -pb pll_test_power_summary_routed.pb -rpx pll_test_power_routed.rpx
INFO: [Timing 38-35] Done setting XDC timing constraints.
Running Vector-less Activity Propagation...

Finished Running Vector-less Activity Propagation
87 Infos, 1 Warnings, 0 Critical Warnings and 0 Errors encountered.
report_power completed successfully
INFO: [runtcl-4] Executing : report_route_status -file pll_test_route_status.rpt -pb pll_test_route_status.pb
INFO: [runtcl-4] Executing : report_timing_summary -max_paths 10 -file pll_test_timing_summary_routed.rpt -pb pll_test_timing_summary_routed.pb -rpx pll_test_timing_summary_routed.rpx -warn_on_violation 
INFO: [Timing 38-91] UpdateTimingParams: Speed grade: -2, Delay Type: min_max.
INFO: [Timing 38-191] Multithreading enabled for timing update using a maximum of 2 CPUs
INFO: [runtcl-4] Executing : report_incremental_reuse -file pll_test_incremental_reuse_routed.rpt
INFO: [Vivado_Tcl 4-1062] Incremental flow is disabled. No incremental reuse Info to report.
INFO: [runtcl-4] Executing : report_clock_utilization -file pll_test_clock_utilization_routed.rpt
INFO: [runtcl-4] Executing : report_bus_skew -warn_on_violation -file pll_test_bus_skew_routed.rpt -pb pll_test_bus_skew_routed.pb -rpx pll_test_bus_skew_routed.rpx
INFO: [Timing 38-91] UpdateTimingParams: Speed grade: -2, Delay Type: min_max.
INFO: [Timing 38-191] Multithreading enabled for timing update using a maximum of 2 CPUs
INFO: [Common 17-206] Exiting Vivado at Fri Jan 21 19:58:09 2022...

*** Running vivado
    with args -log pll_test.vdi -applog -m64 -product Vivado -messageDb vivado.pb -mode batch -source pll_test.tcl -notrace


****** Vivado v2018.3 (64-bit)
  **** SW Build 2405991 on Thu Dec  6 23:38:27 MST 2018
  **** IP Build 2404404 on Fri Dec  7 01:43:56 MST 2018
    ** Copyright 1986-2018 Xilinx, Inc. All Rights Reserved.

source pll_test.tcl -notrace
Command: open_checkpoint pll_test_routed.dcp

Starting open_checkpoint Task

Time (s): cpu = 00:00:00 ; elapsed = 00:00:00.029 . Memory (MB): peak = 247.281 ; gain = 0.000
INFO: [Netlist 29-17] Analyzing 22 Unisim elements for replacement
INFO: [Netlist 29-28] Unisim Transformation completed in 0 CPU seconds
INFO: [Project 1-479] Netlist was created with Vivado 2018.3
INFO: [Device 21-403] Loading part xc7z020clg400-2
INFO: [Project 1-570] Preparing netlist for logic optimization
INFO: [Timing 38-478] Restoring timing data from binary archive.
INFO: [Timing 38-479] Binary timing data restore complete.
INFO: [Project 1-856] Restoring constraints from binary archive.
INFO: [Project 1-853] Binary constraint restore complete.
Reading XDEF placement.
Reading placer database...
Reading XDEF routing.
Read XDEF File: Time (s): cpu = 00:00:00 ; elapsed = 00:00:00.108 . Memory (MB): peak = 1178.887 ; gain = 2.488
Restored from archive | CPU: 0.000000 secs | Memory: 0.000000 MB |
Finished XDEF File Restore: Time (s): cpu = 00:00:00 ; elapsed = 00:00:00.109 . Memory (MB): peak = 1178.887 ; gain = 2.488
Netlist sorting complete. Time (s): cpu = 00:00:00 ; elapsed = 00:00:00 . Memory (MB): peak = 1178.910 ; gain = 0.000
INFO: [Project 1-111] Unisim Transformation Summary:
No Unisim elements were transformed.

INFO: [Project 1-604] Checkpoint was created with Vivado v2018.3 (64-bit) build 2405991
open_checkpoint: Time (s): cpu = 00:00:14 ; elapsed = 00:00:16 . Memory (MB): peak = 1178.910 ; gain = 931.629
Command: write_bitstream -force pll_test.bit
Attempting to get a license for feature 'Implementation' and/or device 'xc7z020'
INFO: [Common 17-349] Got license for feature 'Implementation' and/or device 'xc7z020'
Running DRC as a precondition to command write_bitstream
INFO: [IP_Flow 19-234] Refreshing IP repositories
INFO: [IP_Flow 19-1704] No user IP repositories specified
INFO: [IP_Flow 19-2313] Loaded Vivado IP repository 'C:/Data_Disk/Xilinx/Vivado/2018.3/data/ip'.
INFO: [DRC 23-27] Running DRC with 2 threads
WARNING: [DRC ZPS7-1] PS7 block required: The PS7 cell must be used in this Zynq design in order to enable correct default configuration.
INFO: [Vivado 12-3199] DRC finished with 0 Errors, 1 Warnings
INFO: [Vivado 12-3200] Please refer to the DRC report (report_drc) for more information.
INFO: [Designutils 20-2272] Running write_bitstream with 2 threads.
Loading data files...
Loading site data...
Loading route data...
Processing options...
Creating bitmap...
Creating bitstream...
Writing bitstream ./pll_test.bit...
INFO: [Vivado 12-1842] Bitgen Completed Successfully.
INFO: [Project 1-120] WebTalk data collection is mandatory when using a WebPACK part without a full Vivado license. To see the specific WebTalk data collected for your design, open the usage_statistics_webtalk.html or usage_statistics_webtalk.xml file in the implementation directory.
INFO: [Common 17-83] Releasing license: Implementation
22 Infos, 1 Warnings, 0 Critical Warnings and 0 Errors encountered.
write_bitstream completed successfully
write_bitstream: Time (s): cpu = 00:00:15 ; elapsed = 00:00:15 . Memory (MB): peak = 1677.305 ; gain = 498.395
INFO: [Common 17-206] Exiting Vivado at Fri Jan 21 19:59:34 2022...
