Copyright 1986-2018 Xilinx, Inc. All Rights Reserved.
------------------------------------------------------------------------------------
| Tool Version : Vivado v.2018.3 (win64) Build 2405991 Thu Dec  6 23:38:27 MST 2018
| Date         : Thu Jan 20 15:35:02 2022
| Host         : LAPTOP-M107SEOD running 64-bit major release  (build 9200)
| Command      : report_control_sets -verbose -file pwm_led_control_sets_placed.rpt
| Design       : pwm_led
| Device       : xc7z020
------------------------------------------------------------------------------------

Control Set Information

Table of Contents
-----------------
1. Summary
2. Histogram
3. Flip-Flop Distribution
4. Detailed Control Set Information

1. Summary
----------

+----------------------------------------------------------+-------+
|                          Status                          | Count |
+----------------------------------------------------------+-------+
| Number of unique control sets                            |     2 |
| Unused register locations in slices containing registers |     9 |
+----------------------------------------------------------+-------+


2. Histogram
------------

+--------+--------------+
| Fanout | Control Sets |
+--------+--------------+
|    16+ |            2 |
+--------+--------------+


3. Flip-Flop Distribution
-------------------------

+--------------+-----------------------+------------------------+-----------------+--------------+
| Clock Enable | Synchronous Set/Reset | Asynchronous Set/Reset | Total Registers | Total Slices |
+--------------+-----------------------+------------------------+-----------------+--------------+
| No           | No                    | No                     |               0 |            0 |
| No           | No                    | Yes                    |              22 |            7 |
| No           | Yes                   | No                     |               0 |            0 |
| Yes          | No                    | No                     |               0 |            0 |
| Yes          | No                    | Yes                    |              25 |            8 |
| Yes          | Yes                   | No                     |               0 |            0 |
+--------------+-----------------------+------------------------+-----------------+--------------+


4. Detailed Control Set Information
-----------------------------------

+--------------------+---------------+----------------------+------------------+----------------+
|    Clock Signal    | Enable Signal |   Set/Reset Signal   | Slice Load Count | Bel Load Count |
+--------------------+---------------+----------------------+------------------+----------------+
|  sys_clk_IBUF_BUFG |               | cnt_10ms[19]_i_2_n_0 |                7 |             22 |
|  sys_clk_IBUF_BUFG | cnt_2s        | cnt_10ms[19]_i_2_n_0 |                8 |             25 |
+--------------------+---------------+----------------------+------------------+----------------+


