Copyright 1986-2018 Xilinx, Inc. All Rights Reserved.
--------------------------------------------------------------------------------------
| Tool Version : Vivado v.2018.3 (win64) Build 2405991 Thu Dec  6 23:38:27 MST 2018
| Date         : Fri Feb 25 16:32:56 2022
| Host         : LAPTOP-IP0GL19C running 64-bit major release  (build 9200)
| Command      : report_control_sets -verbose -file shift_led_control_sets_placed.rpt
| Design       : shift_led
| Device       : xc7z020
--------------------------------------------------------------------------------------

Control Set Information

Table of Contents
-----------------
1. Summary
2. Histogram
3. Flip-Flop Distribution
4. Detailed Control Set Information

1. Summary
----------

+----------------------------------------------------------+-------+
|                          Status                          | Count |
+----------------------------------------------------------+-------+
| Number of unique control sets                            |     2 |
| Unused register locations in slices containing registers |     8 |
+----------------------------------------------------------+-------+


2. Histogram
------------

+--------+--------------+
| Fanout | Control Sets |
+--------+--------------+
|      4 |            1 |
|    16+ |            1 |
+--------+--------------+


3. Flip-Flop Distribution
-------------------------

+--------------+-----------------------+------------------------+-----------------+--------------+
| Clock Enable | Synchronous Set/Reset | Asynchronous Set/Reset | Total Registers | Total Slices |
+--------------+-----------------------+------------------------+-----------------+--------------+
| No           | No                    | No                     |               0 |            0 |
| No           | No                    | Yes                    |              28 |            7 |
| No           | Yes                   | No                     |               0 |            0 |
| Yes          | No                    | No                     |               0 |            0 |
| Yes          | No                    | Yes                    |               4 |            1 |
| Yes          | Yes                   | No                     |               0 |            0 |
+--------------+-----------------------+------------------------+-----------------+--------------+


4. Detailed Control Set Information
-----------------------------------

+--------------------+---------------+------------------+------------------+----------------+
|    Clock Signal    | Enable Signal | Set/Reset Signal | Slice Load Count | Bel Load Count |
+--------------------+---------------+------------------+------------------+----------------+
|  sys_clk_IBUF_BUFG | load          | led[3]_i_2_n_0   |                1 |              4 |
|  sys_clk_IBUF_BUFG |               | led[3]_i_2_n_0   |                7 |             28 |
+--------------------+---------------+------------------+------------------+----------------+


