# do {tb_pll_led_compile.do}
# ** Warning: (vlib-34) Library already exists at "modelsim_lib/work".
# ** Warning: (vlib-34) Library already exists at "modelsim_lib/msim".
# ** Warning: (vlib-34) Library already exists at "modelsim_lib/msim/xil_defaultlib".
# Model Technology ModelSim SE-64 vmap 10.7 Lib Mapping Utility 2017.12 Dec  7 2017
# vmap xil_defaultlib modelsim_lib/msim/xil_defaultlib 
# Modifying modelsim.ini
# ** Warning: (vlog-159) Mode option -64 is not supported in this context and will be ignored.
# Model Technology ModelSim SE-64 vlog 10.7 Compiler 2017.12 Dec  7 2017
# Start time: 19:01:52 on Jan 21,2022
# vlog -64 -incr -work xil_defaultlib "+incdir+../../../../PLL.srcs/sources_1/ip/clock" ../../../../PLL.srcs/sources_1/ip/clock/clock_clk_wiz.v ../../../../PLL.srcs/sources_1/ip/clock/clock.v ../../../../PLL.srcs/sources_1/new/pll_test.v ../../../../PLL.srcs/sim_1/new/tb_pll.v 
# -- Skipping module clock_clk_wiz
# -- Skipping module clock
# -- Skipping module pll_test
# ** Error: ../../../../PLL.srcs/sim_1/new/tb_pll.v(40): (vlog-2730) Undefined variable: 'clk'.
# End time: 19:01:53 on Jan 21,2022, Elapsed time: 0:00:01
# Errors: 1, Warnings: 1
# child process exited abnormally
# Error in macro ./tb_pll_led_compile.do line 21
# ** Warning: (vlog-159) Mode option -64 is not supported in this context and will be ignored.
# Model Technology ModelSim SE-64 vlog 10.7 Compiler 2017.12 Dec  7 2017
# Start time: 19:01:52 on Jan 21,2022
# vlog -64 -incr -work xil_defaultlib "+incdir+../../../../PLL.srcs/sources_1/ip/clock" ../../../../PLL.srcs/sources_1/ip/clock/clock_clk_wiz.v ../../../../PLL.srcs/sources_1/ip/clock/clock.v ../../../../PLL.srcs/sources_1/new/pll_test.v ../../../../PLL.srcs/sim_1/new/tb_pll.v 
# -- Skipping module clock_clk_wiz
# -- Skipping module clock
# -- Skipping module pll_test
# ** Error: ../../../../PLL.srcs/sim_1/new/tb_pll.v(40): (vlog-2730) Undefined variable: 'clk'.
# End time: 19:01:53 on Jan 21,2022, Elapsed time: 0:00:01
# Errors: 1, Warnings: 1
# child process exited abnormally
#     while executing
# "exec <nul: {C:\modeltech64_10.7\win64\vlog.EXE} -64 -incr -work xil_defaultlib +incdir+../../../../PLL.srcs/sources_1/ip/clock ../../../../PLL.srcs/so..."
#     ("uplevel" body line 1)
#     invoked from within
# "uplevel 1 exec $redir $new [lrange $args 1 end]"
#     (procedure "::unknown" line 47)
#     invoked from within
# "C:\\modeltech64_10.7\\win64\\vlog -64 -incr -work xil_defaultlib  "+incdir+../../../../PLL.srcs/sources_1/ip/clock" \
# "../../../../PLL.srcs/sources_1/..."
