Copyright 1986-2018 Xilinx, Inc. All Rights Reserved.
--------------------------------------------------------------------------------------------------------------------------------------------------------------------------------
| Tool Version : Vivado v.2018.3 (win64) Build 2405991 Thu Dec  6 23:38:27 MST 2018
| Date         : Mon Jan 31 12:53:52 2022
| Host         : LAPTOP-M107SEOD running 64-bit major release  (build 9200)
| Command      : report_methodology -file hdmi_trans_top_methodology_drc_routed.rpt -pb hdmi_trans_top_methodology_drc_routed.pb -rpx hdmi_trans_top_methodology_drc_routed.rpx
| Design       : hdmi_trans_top
| Device       : xc7z020clg400-2
| Speed File   : -2
| Design State : Fully Routed
--------------------------------------------------------------------------------------------------------------------------------------------------------------------------------

Report Methodology

Table of Contents
-----------------
1. REPORT SUMMARY
2. REPORT DETAILS

1. REPORT SUMMARY
-----------------
            Netlist: netlist
          Floorplan: design_1
      Design limits: <entire design considered>
             Max violations: <unlimited>
             Violations found: 2
+--------+----------+--------------------------------------------------------+------------+
| Rule   | Severity | Description                                            | Violations |
+--------+----------+--------------------------------------------------------+------------+
| XDCC-1 | Warning  | Scoped Clock constraint overwritten with the same name | 1          |
| XDCC-7 | Warning  | Scoped Clock constraint overwritten on the same source | 1          |
+--------+----------+--------------------------------------------------------+------------+

2. REPORT DETAILS
-----------------
XDCC-1#1 Warning
Scoped Clock constraint overwritten with the same name  
A new clock constraint create_clock overrides a previous scoped clock constraint with the same name. It is not recommended to override a scoped (typically an IP) clock constraint and could result in unexpected behaviors.
New: create_clock -period 20.000 [get_ports clk] (Source: C:/Users/Raymond_Meng/Documents/xlinx_FPGA/vivado_projects/HDMI_Color/HDMI_Color.srcs/constrs_1/new/top_io.xdc (Line: 2))
Previous: create_clock -period 20.000 [get_ports clk] (Source: c:/Users/Raymond_Meng/Documents/xlinx_FPGA/vivado_projects/HDMI_Color/HDMI_Color.srcs/sources_1/ip/clock/clock.xdc (Line: 56))
Related violations: <none>

XDCC-7#1 Warning
Scoped Clock constraint overwritten on the same source  
A new clock constraint create_clock overrides a previous scoped clock constraint defined on the same source. It is not recommended to override a scoped (typically an IP) clock constraint and could result in unexpected behaviors.
New: create_clock -period 20.000 [get_ports clk] (Source: C:/Users/Raymond_Meng/Documents/xlinx_FPGA/vivado_projects/HDMI_Color/HDMI_Color.srcs/constrs_1/new/top_io.xdc (Line: 2))
Previous: create_clock -period 20.000 [get_ports clk] (Source: c:/Users/Raymond_Meng/Documents/xlinx_FPGA/vivado_projects/HDMI_Color/HDMI_Color.srcs/sources_1/ip/clock/clock.xdc (Line: 56))
Related violations: <none>


