#-----------------------------------------------------------
# Vivado v2018.3 (64-bit)
# SW Build 2405991 on Thu Dec  6 23:38:27 MST 2018
# IP Build 2404404 on Fri Dec  7 01:43:56 MST 2018
# Start of session at: Wed Jan 12 18:18:58 2022
# Process ID: 25728
# Current directory: C:/Users/Raymond_Meng/Documents/xlinx_FPGA/vivado_projects/project_1
# Command line: vivado.exe -gui_launcher_event rodinguilauncherevent7492 C:\Users\Raymond_Meng\Documents\xlinx_FPGA\vivado_projects\project_1\project_1.xpr
# Log file: C:/Users/Raymond_Meng/Documents/xlinx_FPGA/vivado_projects/project_1/vivado.log
# Journal file: C:/Users/Raymond_Meng/Documents/xlinx_FPGA/vivado_projects/project_1\vivado.jou
#-----------------------------------------------------------
start_gui
open_project C:/Users/Raymond_Meng/Documents/xlinx_FPGA/vivado_projects/project_1/project_1.xpr
INFO: [Project 1-313] Project file moved from 'C:/Users/Raymond_Meng/Documents/xlinx FPGA/vivado_projects/project_1' since last save.
Scanning sources...
Finished scanning sources
INFO: [IP_Flow 19-234] Refreshing IP repositories
INFO: [IP_Flow 19-1704] No user IP repositories specified
INFO: [IP_Flow 19-2313] Loaded Vivado IP repository 'C:/Data_Disk/Xilinx/Vivado/2018.3/data/ip'.
open_project: Time (s): cpu = 00:00:11 ; elapsed = 00:00:05 . Memory (MB): peak = 706.797 ; gain = 53.297
update_compile_order -fileset sources_1
