# do {tb_ram_pp_compile.do}
# ** Warning: (vlib-34) Library already exists at "modelsim_lib/work".
# ** Warning: (vlib-34) Library already exists at "modelsim_lib/msim".
# ** Warning: (vlib-34) Library already exists at "modelsim_lib/msim/xil_defaultlib".
# Model Technology ModelSim SE-64 vmap 10.7 Lib Mapping Utility 2017.12 Dec  7 2017
# vmap xil_defaultlib modelsim_lib/msim/xil_defaultlib 
# Modifying modelsim.ini
# ** Warning: (vlog-159) Mode option -64 is not supported in this context and will be ignored.
# Model Technology ModelSim SE-64 vlog 10.7 Compiler 2017.12 Dec  7 2017
# Start time: 19:15:25 on Jan 23,2022
# vlog -64 -incr -work xil_defaultlib ../../../../ram_pp.srcs/sources_1/ip/ram_wr256_8_rd256_8/sim/ram_wr256_8_rd256_8.v ../../../../ram_pp.srcs/sources_1/new/ram_pp.v ../../../../ram_pp.srcs/sim_1/new/tb_ram_pp.v 
# -- Compiling module ram_wr256_8_rd256_8
# -- Skipping module ram_pp
# -- Skipping module tb_ram_pp
# 
# Top level modules:
# 	tb_ram_pp
# End time: 19:15:25 on Jan 23,2022, Elapsed time: 0:00:00
# Errors: 0, Warnings: 1
# Model Technology ModelSim SE-64 vlog 10.7 Compiler 2017.12 Dec  7 2017
# Start time: 19:15:25 on Jan 23,2022
# vlog -work xil_defaultlib glbl.v 
# -- Compiling module glbl
# 
# Top level modules:
# 	glbl
# End time: 19:15:25 on Jan 23,2022, Elapsed time: 0:00:00
# Errors: 0, Warnings: 0
