# //  ModelSim SE-64 10.7 Dec  7 2017
# //
# //  Copyright 1991-2017 Mentor Graphics Corporation
# //  All Rights Reserved.
# //
# //  ModelSim SE-64 and its associated documentation contain trade
# //  secrets and commercial or financial information that are the property of
# //  Mentor Graphics Corporation and are privileged, confidential,
# //  and exempt from disclosure under the Freedom of Information Act,
# //  5 U.S.C. Section 552. Furthermore, this information
# //  is prohibited from disclosure under the Trade Secrets Act,
# //  18 U.S.C. Section 1905.
# //
# do {tb_ram_pp_simulate.do}
# vsim -voptargs=""+acc"" -L blk_mem_gen_v8_4_2 -L xil_defaultlib -L unisims_ver -L unimacro_ver -L secureip -L xpm -lib xil_defaultlib xil_defaultlib.tb_ram_pp xil_defaultlib.glbl 
# Start time: 19:15:39 on Jan 23,2022
# ** Note: (vsim-3813) Design is being optimized due to module recompilation...
# ** Warning: C:\Data_Disk\Xilinx\Vivado\2018.3\data\ip\xilinx\blk_mem_gen_v8_4\simulation\blk_mem_gen_v8_4.v(2419): (vopt-2576) [BSOB] - Bit-select into 'current_contents' is out of bounds.
# ** Warning: C:\Data_Disk\Xilinx\Vivado\2018.3\data\ip\xilinx\blk_mem_gen_v8_4\simulation\blk_mem_gen_v8_4.v(2420): (vopt-2576) [BSOB] - Bit-select into 'current_contents' is out of bounds.
# Loading work.tb_ram_pp(fast)
# Loading work.ram_pp(fast)
# Loading work.ram_wr256_8_rd256_8(fast)
# Loading blk_mem_gen_v8_4_2.blk_mem_gen_v8_4_2(fast)
# Loading blk_mem_gen_v8_4_2.blk_mem_gen_v8_4_2_mem_module(fast)
# Loading blk_mem_gen_v8_4_2.blk_mem_gen_v8_4_2_output_stage(fast)
# Loading blk_mem_gen_v8_4_2.blk_mem_gen_v8_4_2_softecc_output_reg_stage(fast)
# Loading work.glbl(fast)
# 1
# 1
# ** Warning: (vsim-WLF-5000) WLF file currently in use: vsim.wlf
#           File in use by: цоЁи  Hostname: LAPTOP-M107SEOD  ProcessID: 42580
#           Attempting to use alternate WLF file "./wlftaga5k3".
# ** Warning: (vsim-WLF-5001) Could not open WLF file: vsim.wlf
#           Using alternate file: ./wlftaga5k3
# .main_pane.wave.interior.cs.body.pw.wf
# .main_pane.structure.interior.cs.body.struct
# .main_pane.objects.interior.cs.body.tree
# Block Memory Generator module tb_ram_pp.inst_ram_pp.ram_a.inst.native_mem_module.blk_mem_gen_v8_4_2_inst is using a behavioral model for simulation which will not precisely model memory collision behavior.
# Block Memory Generator module tb_ram_pp.inst_ram_pp.ram_b.inst.native_mem_module.blk_mem_gen_v8_4_2_inst is using a behavioral model for simulation which will not precisely model memory collision behavior.
# blk_mem_gen_v8_4_2 collision detected at time: 20000, Instance: tb_ram_pp.inst_ram_pp.ram_b.inst.native_mem_module.blk_mem_gen_v8_4_2_inst.async_coll, A write address: 0, B  read address: 0
# blk_mem_gen_v8_4_2 collision detected at time: 40000, Instance: tb_ram_pp.inst_ram_pp.ram_b.inst.native_mem_module.blk_mem_gen_v8_4_2_inst.async_coll, A write address: 0, B  read address: 0
# blk_mem_gen_v8_4_2 collision detected at time: 60000, Instance: tb_ram_pp.inst_ram_pp.ram_b.inst.native_mem_module.blk_mem_gen_v8_4_2_inst.async_coll, A write address: 0, B  read address: 0
# blk_mem_gen_v8_4_2 collision detected at time: 80000, Instance: tb_ram_pp.inst_ram_pp.ram_b.inst.native_mem_module.b# End time: 19:26:24 on Jan 26,2022, Elapsed time: 72:25:18
# Errors: 0, Warnings: 0
n_v8_4_2 collision detected at time: 100000, Instance: tb_ram_pp.inst_ram_pp.ram_b.inst.native_mem_module.blk_mem_gen_v8_4_2_inst.async_coll, A write address: 0, B  read address: 0
# blk_mem_gen_v8_4_2 collision detected at time: 120000, Instance: tb_ram_pp.inst_ram_pp.ram_b.inst.native_mem_module.blk_mem_gen_v8_4_2_inst.async_coll, A write address: 0, B  read address: 0
# blk_mem_gen_v8_4_2 collision detected at time: 140000, Instance: tb_ram_pp.inst_ram_pp.ram_b.inst.native_mem_module.blk_mem_gen_v8_4_2_inst.async_coll, A write address: 0, B  read address: 0
# blk_mem_gen_v8_4_2 collision detected at time: 160000, Instance: tb_ram_pp.inst_ram_pp.ram_b.inst.native_mem_module.blk_mem_gen_v8_4_2_inst.async_coll, A write address: 0, B  read address: 0
# blk_mem_gen_v8_4_2 collision detected at time: 180000, Instance: tb_ram_pp.inst_ram_pp.ram_b.inst.native_mem_module.blk_mem_gen_v8_4_2_inst.async_coll, A write address: 0, B  read address: 0
# blk_mem_gen_v8_4_2 collision detected at time: 200000, Instance: tb_ram_pp.inst_ram_pp.ram_b.inst.native_mem_module.blk_mem_gen_v8_4_2_inst.async_coll, A write address: 0, B  read address: 0
# blk_mem_gen_v8_4_2 collision detected at time: 220000, Instance: tb_ra# End time: 19:26:32 on Jan 26,2022, Elapsed time: 72:34:43
# Errors: 0, Warnings: 0
te address: 0, B  read address: 0
add wave -position insertpoint sim:/tb_ram_pp/inst_ram_pp/*
restart
# ** Note: (vsim-8009) Loading existing optimized design _opt2
# Loading work.tb_ram_pp(fast)
# Loading work.ram_pp(fast)
# Loading work.ram_wr256_8_rd256_8(fast)
# Loading blk_mem_gen_v8_4_2.blk_mem_gen_v8_4_2(fast)
# Loading blk_mem_gen_v8_4_2.blk_mem_gen_v8_4_2_mem_module(fast)
# Loading blk_mem_gen_v8_4_2.blk_mem_gen_v8_4_2_output_stage(fast)
# Loading blk_mem_gen_v8_4_2.blk_mem_gen_v8_4_2_softecc_output_reg_stage(fast)
# Loading work.glbl(fast)
run
# Block Memory Generator module tb_ram_pp.inst_ram_pp.ram_a.inst.native_mem_module.blk_mem_gen_v8_4_2_inst is using a behavioral model for simulation which will not precisely model memory collision behavior.
# Block Memory Generator module tb_ram_pp.inst_ram_pp.ram_b.inst.native_mem_module.blk_mem_gen_v8_4_2_inst is using a behavioral model for simulation which will not precisely model memory collision behavior.
# blk_mem_gen_v8_4_2 collision detected at time: 20000, Instance: tb_ram_pp.inst_ram_pp.ram_b.inst.native_mem_module.blk_mem_gen_v8_4_2_inst.async_coll, A write address: 0, B  read address: 0
# blk_mem_gen_v8_4_2 collision detected at time: 40000, Instance: tb_ram_pp.inst_ram_pp.ram_b.inst.native_mem_module.blk_mem_gen_v8_4_2_inst.async_coll, A write address: 0, B  read address: 0
# blk_mem_gen_v8_4_2 collision detected at time: 60000, Instance: tb_ram_pp.inst_ram_pp.ram_b.inst.native_mem_module.blk_mem_gen_v8_4_2_inst.async_coll, A write address: 0, B  read address: 0
# blk_mem_gen_v8_4_2 collision detected at time: 80000, Instance: tb_ram_pp.inst_ram_pp.ram_b.inst.native_mem_module.blk_mem_gen_v8_4_2_inst.async_coll, A write address: 0, B  read address: 0
# blk_mem_gen_v8_4_2 collision detected at time: 100000, Instance: tb_ram_pp.inst_ram_pp.ram_b.inst.native_mem_module.blk_mem_gen_v8_4_2_inst.async_coll, A write address: 0, B  read address: 0
# blk_mem_gen_v8_4_2 collision detected at time: 120000, Instance: tb_ram_pp.inst_ram_pp.ram_b.inst.native_mem_module.blk_mem_gen_v8_4_2_inst.async_coll, A write address: 0, B  read address: 0
# blk_mem_gen_v8_4_2 collision detected at time: 140000, Instance: tb_ram_pp.inst_ram_pp.ram_b.inst.native_mem_module.blk_mem_gen_v8_4_2_inst.async_coll, A write address: 0, B  read address: 0
# blk_mem_gen_v8_4_2 collision detected at time: 160000, Instance: tb_ram_pp.inst_ram_pp.ram_b.inst.native_mem_module.blk_mem_gen_v8_4_2_inst.async_coll, A write address: 0, B  read address: 0
# blk_mem_gen_v8_4_2 collision detected at time: 180000, Instance: tb_ram_pp.inst_ram_pp.ram_b.inst.native_mem_module.blk_mem_gen_v8_4_2_inst.async_coll, A write address: 0, B  read address: 0
# blk_mem_gen_v8_4_2 collision detected at time: 200000, Instance: tb_ram_pp.inst_ram_pp.ram_b.inst.native_mem_module.blk_mem_gen_v8_4_2_inst.async_coll, A write address: 0, B  read address: 0
# blk_mem_gen_v8_4_2 collision detected at time: 220000, Instance: tb_ram_pp.inst_ram_pp.ram_b.inst.native_mem_module.blk_mem_gen_v8_4_2_inst.async_coll, A write address: 0, B  read address: 0
# End time: 19:26:17 on Jan 26,2022, Elapsed time: 72:10:38
# Errors: 0, Warnings: 0
