# do {tb_fifo_test_compile.do}
# ** Warning: (vlib-34) Library already exists at "modelsim_lib/work".
# ** Warning: (vlib-34) Library already exists at "modelsim_lib/msim".
# ** Warning: (vlib-34) Library already exists at "modelsim_lib/msim/xil_defaultlib".
# Model Technology ModelSim SE-64 vmap 10.7 Lib Mapping Utility 2017.12 Dec  7 2017
# vmap xil_defaultlib modelsim_lib/msim/xil_defaultlib 
# Modifying modelsim.ini
# ** Warning: (vlog-159) Mode option -64 is not supported in this context and will be ignored.
# Model Technology ModelSim SE-64 vlog 10.7 Compiler 2017.12 Dec  7 2017
# Start time: 18:56:36 on Jan 27,2022
# vlog -64 -incr -work xil_defaultlib ../../../../FIFO.srcs/sources_1/ip/fifo_wr256_8_rd256_8/sim/fifo_wr256_8_rd256_8.v ../../../../FIFO.srcs/sources_1/new/fifo_test.v ../../../../FIFO.srcs/sim_1/new/tb_fifo_test.v 
# -- Skipping module fifo_wr256_8_rd256_8
# ** Error: ../../../../FIFO.srcs/sources_1/new/fifo_test.v(56): (vlog-2730) Undefined variable: 'clk'.
# ** Error: ../../../../FIFO.srcs/sources_1/new/fifo_test.v(80): (vlog-2730) Undefined variable: 'wr_data'.
# -- Skipping module tb_fifo_test
# End time: 18:56:36 on Jan 27,2022, Elapsed time: 0:00:00
# Errors: 2, Warnings: 1
# child process exited abnormally
# Error in macro ./tb_fifo_test_compile.do line 20
# ** Warning: (vlog-159) Mode option -64 is not supported in this context and will be ignored.
# Model Technology ModelSim SE-64 vlog 10.7 Compiler 2017.12 Dec  7 2017
# Start time: 18:56:36 on Jan 27,2022
# vlog -64 -incr -work xil_defaultlib ../../../../FIFO.srcs/sources_1/ip/fifo_wr256_8_rd256_8/sim/fifo_wr256_8_rd256_8.v ../../../../FIFO.srcs/sources_1/new/fifo_test.v ../../../../FIFO.srcs/sim_1/new/tb_fifo_test.v 
# -- Skipping module fifo_wr256_8_rd256_8
# ** Error: ../../../../FIFO.srcs/sources_1/new/fifo_test.v(56): (vlog-2730) Undefined variable: 'clk'.
# ** Error: ../../../../FIFO.srcs/sources_1/new/fifo_test.v(80): (vlog-2730) Undefined variable: 'wr_data'.
# -- Skipping module tb_fifo_test
# End time: 18:56:36 on Jan 27,2022, Elapsed time: 0:00:00
# Errors: 2, Warnings: 1
# child process exited abnormally
#     while executing
# "exec <nul: {C:\modeltech64_10.7\win64\vlog.EXE} -64 -incr -work xil_defaultlib ../../../../FIFO.srcs/sources_1/ip/fifo_wr256_8_rd256_8/sim/fifo_wr256_..."
#     ("uplevel" body line 1)
#     invoked from within
# "uplevel 1 exec $redir $new [lrange $args 1 end]"
#     (procedure "::unknown" line 47)
#     invoked from within
# "C:\\modeltech64_10.7\\win64\\vlog -64 -incr -work xil_defaultlib  \
# "../../../../FIFO.srcs/sources_1/ip/fifo_wr256_8_rd256_8/sim/fifo_wr256_8_rd256_8...."
