# do {pwm_led_sim_compile.do}
# ** Warning: (vlib-34) Library already exists at "modelsim_lib/work".
# ** Warning: (vlib-34) Library already exists at "modelsim_lib/msim".
# ** Warning: (vlib-34) Library already exists at "modelsim_lib/msim/xil_defaultlib".
# Model Technology ModelSim SE-64 vmap 10.7 Lib Mapping Utility 2017.12 Dec  7 2017
# vmap xil_defaultlib modelsim_lib/msim/xil_defaultlib 
# Modifying modelsim.ini
# ** Warning: (vlog-159) Mode option -64 is not supported in this context and will be ignored.
# Model Technology ModelSim SE-64 vlog 10.7 Compiler 2017.12 Dec  7 2017
# Start time: 22:29:11 on Jan 20,2022
# vlog -64 -incr -work xil_defaultlib ../../../../new.srcs/sim_1/new/sim.v 
# -- Compiling module pwm_led_sim
# ** Error: ../../../../new.srcs/sim_1/new/sim.v(36): The expression for a parameter actual associated with the parameter name ('CHANGE_TIME') for the module instance ('inst_pwm_led_sim') must be constant.
# End time: 22:29:11 on Jan 20,2022, Elapsed time: 0:00:00
# Errors: 1, Warnings: 1
# child process exited abnormally
# Error in macro ./pwm_led_sim_compile.do line 18
# ** Warning: (vlog-159) Mode option -64 is not supported in this context and will be ignored.
# Model Technology ModelSim SE-64 vlog 10.7 Compiler 2017.12 Dec  7 2017
# Start time: 22:29:11 on Jan 20,2022
# vlog -64 -incr -work xil_defaultlib ../../../../new.srcs/sim_1/new/sim.v 
# -- Compiling module pwm_led_sim
# ** Error: ../../../../new.srcs/sim_1/new/sim.v(36): The expression for a parameter actual associated with the parameter name ('CHANGE_TIME') for the module instance ('inst_pwm_led_sim') must be constant.
# End time: 22:29:11 on Jan 20,2022, Elapsed time: 0:00:00
# Errors: 1, Warnings: 1
# child process exited abnormally
#     while executing
# "exec <nul: {C:\modeltech64_10.7\win64\vlog.EXE} -64 -incr -work xil_defaultlib ../../../../new.srcs/sim_1/new/sim.v"
#     ("uplevel" body line 1)
#     invoked from within
# "uplevel 1 exec $redir $new [lrange $args 1 end]"
#     (procedure "::unknown" line 47)
#     invoked from within
# "C:\\modeltech64_10.7\\win64\\vlog -64 -incr -work xil_defaultlib  \
# "../../../../new.srcs/sim_1/new/sim.v" \
# "
