# do {pwm_led_sim_compile.do}
# Model Technology ModelSim SE-64 vmap 10.7 Lib Mapping Utility 2017.12 Dec  7 2017
# vmap xil_defaultlib modelsim_lib/msim/xil_defaultlib 
# Modifying modelsim.ini
# ** Warning: (vlog-159) Mode option -64 is not supported in this context and will be ignored.
# Model Technology ModelSim SE-64 vlog 10.7 Compiler 2017.12 Dec  7 2017
# Start time: 22:13:29 on Jan 20,2022
# vlog -64 -incr -work xil_defaultlib ../../../../pwm_led.srcs/sim_1/new/pwm_led_sim.v 
# -- Compiling module pwm_led_sim
# 
# Top level modules:
# 	pwm_led_sim
# End time: 22:13:29 on Jan 20,2022, Elapsed time: 0:00:00
# Errors: 0, Warnings: 1
# Model Technology ModelSim SE-64 vlog 10.7 Compiler 2017.12 Dec  7 2017
# Start time: 22:13:29 on Jan 20,2022
# vlog -work xil_defaultlib glbl.v 
# -- Compiling module glbl
# 
# Top level modules:
# 	glbl
# End time: 22:13:30 on Jan 20,2022, Elapsed time: 0:00:01
# Errors: 0, Warnings: 0
