# //  ModelSim SE-64 10.7 Dec  7 2017
# //
# //  Copyright 1991-2017 Mentor Graphics Corporation
# //  All Rights Reserved.
# //
# //  ModelSim SE-64 and its associated documentation contain trade
# //  secrets and commercial or financial information that are the property of
# //  Mentor Graphics Corporation and are privileged, confidential,
# //  and exempt from disclosure under the Freedom of Information Act,
# //  5 U.S.C. Section 552. Furthermore, this information
# //  is prohibited from disclosure under the Trade Secrets Act,
# //  18 U.S.C. Section 1905.
# //
# do {pwm_led_sim_simulate.do}
# vsim -voptargs=""+acc"" -L xil_defaultlib -L unisims_ver -L unimacro_ver -L secureip -lib xil_defaultlib xil_defaultlib.pwm_led_sim xil_defaultlib.glbl 
# Start time: 22:13:56 on Jan 20,2022
# ** Note: (vsim-3812) Design is being optimized...
# Loading work.pwm_led_sim(fast)
# Loading work.glbl(fast)
# 1
# 1
# .main_pane.wave.interior.cs.body.pw.wf
# .main_pane.structure.interior.cs.body.struct
# .main_pane.objects.interior.cs.body.tree
add wave -position insertpoint sim:/pwm_led_sim/*
# (vish-4014) No objects found matching '/pwm_led_sim/*'.
# End time: 22:27:19 on Jan 20,2022, Elapsed time: 0:13:23
# Errors: 1, Warnings: 0
